<?xml version="1.0" encoding="UTF-8" ?>
<testsuite errors="1" failures="0" hostname="P3ALAP-5296RDC"
	name="Runner.RunnerTest" tests="1" time="0.0"
	timestamp="2017-08-16T08:51:08">
	<properties>
		<property name="java.vendor" value="Oracle Corporation" />
		<property name="env.USERDOMAIN_ROAMINGPROFILE" value="DIR" />
		<property name="sun.java.launcher" value="SUN_STANDARD" />
		<property name="eclipse.pdebuild.templates"
			value="/C:/Software/eclipse_neon/eclipse/plugins/org.eclipse.pde.build_3.9.200.v20160204-0642/templates/" />
		<property name="sun.management.compiler"
			value="HotSpot 64-Bit Tiered Compilers" />
		<property name="env.PROMPT" value="$P$G" />
		<property name="os.name" value="Windows 10" />
		<property name="sun.boot.class.path"
			value="C:\Program Files\Java\jre1.8.0_131\lib\resources.jar;C:\Program Files\Java\jre1.8.0_131\lib\rt.jar;C:\Program Files\Java\jre1.8.0_131\lib\sunrsasign.jar;C:\Program Files\Java\jre1.8.0_131\lib\jsse.jar;C:\Program Files\Java\jre1.8.0_131\lib\jce.jar;C:\Program Files\Java\jre1.8.0_131\lib\charsets.jar;C:\Program Files\Java\jre1.8.0_131\lib\jfr.jar;C:\Program Files\Java\jre1.8.0_131\classes" />
		<property name="env.COMPUTERNAME" value="P3ALAP-5296RDC" />
		<property name="env.CommonProgramW6432"
			value="C:\Program Files\Common Files" />
		<property name="env.ALLUSERSPROFILE" value="C:\ProgramData" />
		<property name="sun.desktop" value="windows" />
		<property name="java.vm.specification.vendor"
			value="Oracle Corporation" />
		<property name="ant.home"
			value="C:\Software\eclipse_neon\eclipse\plugins\org.apache.ant_1.9.6.v201510161327" />
		<property name="java.runtime.version" value="1.8.0_131-b11" />
		<property name="env.HOMEPATH"
			value="\Users\atul.vishnu.kurkure" />
		<property name="user.name" value="atul.vishnu.kurkure" />
		<property name="user.language" value="en" />
		<property name="sun.boot.library.path"
			value="C:\Program Files\Java\jre1.8.0_131\bin" />
		<property name="ant.project.default-target" value="build" />
		<property name="ant.project.name" value="TestAutomation" />
		<property name="java.version" value="1.8.0_131" />
		<property name="env.PROCESSOR_IDENTIFIER"
			value="AMD64 Family 21 Model 48 Stepping 1, AuthenticAMD" />
		<property name="user.timezone" value="" />
		<property name="env.TEMP"
			value="C:\Users\ATULVI~1.KUR\AppData\Local\Temp" />
		<property name="sun.arch.data.model" value="64" />
		<property name="java.endorsed.dirs"
			value="C:\Program Files\Java\jre1.8.0_131\lib\endorsed" />
		<property name="sun.cpu.isalist" value="amd64" />
		<property name="env.HOMEDRIVE" value="C:" />
		<property name="sun.jnu.encoding" value="Cp1252" />
		<property name="file.encoding.pkg" value="sun.io" />
		<property name="ECLIPSE_HOME"
			value="../../Software/eclipse_neon/eclipse/" />
		<property name="file.separator" value="\" />
		<property name="java.specification.name"
			value="Java Platform API Specification" />
		<property name="java.class.version" value="52.0" />
		<property name="user.country" value="IN" />
		<property name="java.home"
			value="C:\Program Files\Java\jre1.8.0_131" />
		<property name="env.PSModulePath"
			value="C:\Program Files\WindowsPowerShell\Modules;C:\Windows\system32\WindowsPowerShell\v1.0\Modules" />
		<property name="env.APPDATA"
			value="C:\Users\atul.vishnu.kurkure\AppData\Roaming" />
		<property name="env.PUBLIC" value="C:\Users\Public" />
		<property name="java.vm.info" value="mixed mode" />
		<property name="env.ComSpec"
			value="C:\Windows\system32\cmd.exe" />
		<property name="env.OS" value="Windows_NT" />
		<property name="env.CommonProgramFiles"
			value="C:\Program Files\Common Files" />
		<property name="ant.file"
			value="C:\development\TestAutomation\build.xml" />
		<property name="os.version" value="10.0" />
		<property name="env.ProgramW6432" value="C:\Program Files" />
		<property name="path.separator" value=";" />
		<property name="java.vm.version" value="25.131-b11" />
		<property name="user.variant" value="" />
		<property name="env.USERPROFILE"
			value="C:\Users\atul.vishnu.kurkure" />
		<property name="ant.library.dir"
			value="C:\Software\eclipse_neon\eclipse\plugins\org.apache.ant_1.9.6.v201510161327\lib" />
		<property name="junit.output.dir" value="junit" />
		<property name="env.JAVA_HOME"
			value="C:\Program Files\Java\jdk1.8.0_131" />
		<property name="java.awt.printerjob"
			value="sun.awt.windows.WPrinterJob" />
		<property name="env.TMP"
			value="C:\Users\ATULVI~1.KUR\AppData\Local\Temp" />
		<property name="env.FPS_BROWSER_USER_PROFILE_STRING"
			value="Default" />
		<property name="sun.io.unicode.encoding"
			value="UnicodeLittle" />
		<property name="awt.toolkit" value="sun.awt.windows.WToolkit" />
		<property name="user.script" value="" />
		<property name="ant.file.TestAutomation"
			value="C:\development\TestAutomation\build.xml" />
		<property name="eclipse.pdebuild.scripts"
			value="/C:/Software/eclipse_neon/eclipse/plugins/org.eclipse.pde.build_3.9.200.v20160204-0642/scripts/" />
		<property name="user.home"
			value="C:\Users\atul.vishnu.kurkure" />
		<property name="target" value="1.5" />
		<property name="env.ProgramData" value="C:\ProgramData" />
		<property name="env.SESSIONNAME" value="Console" />
		<property name="env.ProgramFiles(x86)"
			value="C:\Program Files (x86)" />
		<property name="java.specification.vendor"
			value="Oracle Corporation" />
		<property name="env.M2_HOME"
			value="C:\Software\apache-maven-3.5.0" />
		<property name="java.vendor.url"
			value="http://java.oracle.com/" />
		<property name="env.NUMBER_OF_PROCESSORS" value="4" />
		<property name="java.library.path"
			value="C:\Program Files\Java\jre1.8.0_131\bin;C:\Windows\Sun\Java\bin;C:\Windows\system32;C:\Windows;C:/Program Files/Java/jre1.8.0_131/bin/server;C:/Program Files/Java/jre1.8.0_131/bin;C:/Program Files/Java/jre1.8.0_131/lib/amd64;C:\ProgramData\Oracle\Java\javapath;C:\Windows\system32;C:\Windows;C:\Windows\System32\Wbem;C:\Windows\System32\WindowsPowerShell\v1.0\;C:\Program Files (x86)\AMD\ATI.ACE\Core-Static;C:\Software\apache-maven-3.5.0\bin;C:\Program Files\Git\cmd;C:\Users\atul.vishnu.kurkure\AppData\Local\Microsoft\WindowsApps;;C:\Software\eclipse_neon\eclipse;;." />
		<property name="env.USERDNSDOMAIN"
			value="DIR.SVC.ACCENTURE.COM" />
		<property name="java.vm.vendor" value="Oracle Corporation" />
		<property name="java.runtime.name"
			value="Java(TM) SE Runtime Environment" />
		<property name="ant.version"
			value="Apache Ant(TM) version 1.9.6 compiled on June 29 2015" />
		<property name="sun.java.command"
			value="org.apache.tools.ant.taskdefs.optional.junit.JUnitTestRunner Runner.RunnerTest skipNonTests=false filtertrace=true haltOnError=false haltOnFailure=false formatter=org.apache.tools.ant.taskdefs.optional.junit.OutErrSummaryJUnitResultFormatter showoutput=false outputtoformatters=true logfailedtests=true threadid=0 logtestlistenerevents=false formatter=org.apache.tools.ant.taskdefs.optional.junit.XMLJUnitResultFormatter,C:\development\TestAutomation\junit\TEST-Runner.RunnerTest.xml crashfile=C:\development\TestAutomation\junitvmwatcher3627710130512164096.properties propsfile=C:\development\TestAutomation\junit4752100676544239142.properties" />
		<property name="java.class.path"
			value="C:\development\TestAutomation\target\test-classes;C:\development\TestAutomation\target\classes;C:\Users\atul.vishnu.kurkure\.m2\repository\javax\servlet\javax.servlet-api\3.1.0\javax.servlet-api-3.1.0.jar;C:\Users\atul.vishnu.kurkure\.m2\repository\info\cukes\cucumber-java\1.2.4\cucumber-java-1.2.4.jar;C:\Users\atul.vishnu.kurkure\.m2\repository\info\cukes\cucumber-core\1.2.4\cucumber-core-1.2.4.jar;C:\Users\atul.vishnu.kurkure\.m2\repository\info\cukes\cucumber-html\0.2.3\cucumber-html-0.2.3.jar;C:\Users\atul.vishnu.kurkure\.m2\repository\info\cukes\cucumber-jvm-deps\1.0.5\cucumber-jvm-deps-1.0.5.jar;C:\Users\atul.vishnu.kurkure\.m2\repository\info\cukes\gherkin\2.12.2\gherkin-2.12.2.jar;C:\Users\atul.vishnu.kurkure\.m2\repository\info\cukes\cucumber-junit\1.2.4\cucumber-junit-1.2.4.jar;C:\Users\atul.vishnu.kurkure\.m2\repository\junit\junit\4.12\junit-4.12.jar;C:\Users\atul.vishnu.kurkure\.m2\repository\org\hamcrest\hamcrest-core\1.3\hamcrest-core-1.3.jar;C:\Users\atul.vishnu.kurkure\.m2\repository\net\sourceforge\cobertura\cobertura\2.1.1\cobertura-2.1.1.jar;C:\Users\atul.vishnu.kurkure\.m2\repository\org\ow2\asm\asm\5.0.1\asm-5.0.1.jar;C:\Users\atul.vishnu.kurkure\.m2\repository\org\ow2\asm\asm-tree\5.0.1\asm-tree-5.0.1.jar;C:\Users\atul.vishnu.kurkure\.m2\repository\org\ow2\asm\asm-commons\5.0.1\asm-commons-5.0.1.jar;C:\Users\atul.vishnu.kurkure\.m2\repository\org\ow2\asm\asm-util\5.0.1\asm-util-5.0.1.jar;C:\Users\atul.vishnu.kurkure\.m2\repository\org\ow2\asm\asm-analysis\5.0.1\asm-analysis-5.0.1.jar;C:\Users\atul.vishnu.kurkure\.m2\repository\oro\oro\2.0.8\oro-2.0.8.jar;C:\Users\atul.vishnu.kurkure\.m2\repository\jaxen\jaxen\1.1.4\jaxen-1.1.4.jar;C:\Users\atul.vishnu.kurkure\.m2\repository\org\apache\ant\ant\1.8.3\ant-1.8.3.jar;C:\Users\atul.vishnu.kurkure\.m2\repository\org\apache\ant\ant-launcher\1.8.3\ant-launcher-1.8.3.jar;C:\Users\atul.vishnu.kurkure\.m2\repository\org\apache\ant\ant-junit\1.8.3\ant-junit-1.8.3.jar;C:\Users\atul.vishnu.kurkure\.m2\repository\org\mortbay\jetty\servlet-api-2.5\6.1.14\servlet-api-2.5-6.1.14.jar;C:\Users\atul.vishnu.kurkure\.m2\repository\org\mortbay\jetty\jetty\6.1.14\jetty-6.1.14.jar;C:\Users\atul.vishnu.kurkure\.m2\repository\org\mortbay\jetty\jetty-util\6.1.14\jetty-util-6.1.14.jar;C:\Program Files\Java\jdk1.8.0_131\lib\tools.jar;C:\Users\atul.vishnu.kurkure\.m2\repository\org\slf4j\slf4j-api\1.7.5\slf4j-api-1.7.5.jar;C:\Users\atul.vishnu.kurkure\.m2\repository\ch\qos\logback\logback-classic\1.0.13\logback-classic-1.0.13.jar;C:\Users\atul.vishnu.kurkure\.m2\repository\ch\qos\logback\logback-core\1.0.13\logback-core-1.0.13.jar;C:\Users\atul.vishnu.kurkure\.m2\repository\org\apache\commons\commons-lang3\3.3.2\commons-lang3-3.3.2.jar;C:\Users\atul.vishnu.kurkure\.m2\repository\net\masterthought\cucumber-reporting\3.3.0\cucumber-reporting-3.3.0.jar;C:\Users\atul.vishnu.kurkure\.m2\repository\org\apache\logging\log4j\log4j-api\2.7\log4j-api-2.7.jar;C:\Users\atul.vishnu.kurkure\.m2\repository\org\apache\logging\log4j\log4j-core\2.7\log4j-core-2.7.jar;C:\Users\atul.vishnu.kurkure\.m2\repository\com\fasterxml\jackson\core\jackson-databind\2.8.3\jackson-databind-2.8.3.jar;C:\Users\atul.vishnu.kurkure\.m2\repository\com\fasterxml\jackson\core\jackson-annotations\2.8.0\jackson-annotations-2.8.0.jar;C:\Users\atul.vishnu.kurkure\.m2\repository\com\fasterxml\jackson\core\jackson-core\2.8.3\jackson-core-2.8.3.jar;C:\Users\atul.vishnu.kurkure\.m2\repository\org\apache\velocity\velocity\1.7\velocity-1.7.jar;C:\Users\atul.vishnu.kurkure\.m2\repository\commons-collections\commons-collections\3.2.1\commons-collections-3.2.1.jar;C:\Users\atul.vishnu.kurkure\.m2\repository\commons-lang\commons-lang\2.4\commons-lang-2.4.jar;C:\Users\atul.vishnu.kurkure\.m2\repository\velocity-tools\velocity-tools\1.4\velocity-tools-1.4.jar;C:\Users\atul.vishnu.kurkure\.m2\repository\joda-time\joda-time\2.9.4\joda-time-2.9.4.jar;C:\Users\atul.vishnu.kurkure\.m2\repository\commons-io\commons-io\2.5\commons-io-2.5.jar;C:\Users\atul.vishnu.kurkure\.m2\repository\net\lingala\zip4j\zip4j\1.3.2\zip4j-1.3.2.jar;C:\Users\atul.vishnu.kurkure\.m2\repository\org\codehaus\plexus\plexus-utils\3.0.24\plexus-utils-3.0.24.jar;C:\Users\atul.vishnu.kurkure\.m2\repository\org\jsoup\jsoup\1.9.2\jsoup-1.9.2.jar;C:\Users\atul.vishnu.kurkure\.m2\repository\org\mockito\mockito-all\2.0.2-beta\mockito-all-2.0.2-beta.jar;C:\Users\atul.vishnu.kurkure\.m2\repository\log4j\log4j\1.2.17\log4j-1.2.17.jar;C:\Users\atul.vishnu.kurkure\.m2\repository\commons-logging\commons-logging\1.1.1\commons-logging-1.1.1.jar;C:\Users\atul.vishnu.kurkure\.m2\repository\org\seleniumhq\selenium\selenium-java\2.53.1\selenium-java-2.53.1.jar;C:\Users\atul.vishnu.kurkure\.m2\repository\org\seleniumhq\selenium\selenium-chrome-driver\2.53.1\selenium-chrome-driver-2.53.1.jar;C:\Users\atul.vishnu.kurkure\.m2\repository\org\seleniumhq\selenium\selenium-remote-driver\3.4.0\selenium-remote-driver-3.4.0.jar;C:\Users\atul.vishnu.kurkure\.m2\repository\cglib\cglib-nodep\3.2.4\cglib-nodep-3.2.4.jar;C:\Users\atul.vishnu.kurkure\.m2\repository\com\google\code\gson\gson\2.2.4\gson-2.2.4.jar;C:\Users\atul.vishnu.kurkure\.m2\repository\org\seleniumhq\selenium\selenium-api\3.4.0\selenium-api-3.4.0.jar;C:\Users\atul.vishnu.kurkure\.m2\repository\com\google\guava\guava\21.0\guava-21.0.jar;C:\Users\atul.vishnu.kurkure\.m2\repository\org\apache\httpcomponents\httpclient\4.5.3\httpclient-4.5.3.jar;C:\Users\atul.vishnu.kurkure\.m2\repository\org\apache\httpcomponents\httpcore\4.4.6\httpcore-4.4.6.jar;C:\Users\atul.vishnu.kurkure\.m2\repository\commons-codec\commons-codec\1.10\commons-codec-1.10.jar;C:\Users\atul.vishnu.kurkure\.m2\repository\org\apache\commons\commons-exec\1.3\commons-exec-1.3.jar;C:\Users\atul.vishnu.kurkure\.m2\repository\net\java\dev\jna\jna\4.1.0\jna-4.1.0.jar;C:\Users\atul.vishnu.kurkure\.m2\repository\net\java\dev\jna\jna-platform\4.1.0\jna-platform-4.1.0.jar;C:\Users\atul.vishnu.kurkure\.m2\repository\org\seleniumhq\selenium\selenium-edge-driver\2.53.1\selenium-edge-driver-2.53.1.jar;C:\Users\atul.vishnu.kurkure\.m2\repository\org\seleniumhq\selenium\htmlunit-driver\2.21\htmlunit-driver-2.21.jar;C:\Users\atul.vishnu.kurkure\.m2\repository\net\sourceforge\htmlunit\htmlunit\2.26\htmlunit-2.26.jar;C:\Users\atul.vishnu.kurkure\.m2\repository\xalan\xalan\2.7.2\xalan-2.7.2.jar;C:\Users\atul.vishnu.kurkure\.m2\repository\xalan\serializer\2.7.2\serializer-2.7.2.jar;C:\Users\atul.vishnu.kurkure\.m2\repository\org\apache\httpcomponents\httpmime\4.5.3\httpmime-4.5.3.jar;C:\Users\atul.vishnu.kurkure\.m2\repository\net\sourceforge\htmlunit\htmlunit-core-js\2.26\htmlunit-core-js-2.26.jar;C:\Users\atul.vishnu.kurkure\.m2\repository\net\sourceforge\htmlunit\neko-htmlunit\2.25\neko-htmlunit-2.25.jar;C:\Users\atul.vishnu.kurkure\.m2\repository\xerces\xercesImpl\2.11.0\xercesImpl-2.11.0.jar;C:\Users\atul.vishnu.kurkure\.m2\repository\xml-apis\xml-apis\1.4.01\xml-apis-1.4.01.jar;C:\Users\atul.vishnu.kurkure\.m2\repository\net\sourceforge\cssparser\cssparser\0.9.22\cssparser-0.9.22.jar;C:\Users\atul.vishnu.kurkure\.m2\repository\org\w3c\css\sac\1.3\sac-1.3.jar;C:\Users\atul.vishnu.kurkure\.m2\repository\org\eclipse\jetty\websocket\websocket-client\9.4.3.v20170317\websocket-client-9.4.3.v20170317.jar;C:\Users\atul.vishnu.kurkure\.m2\repository\org\eclipse\jetty\jetty-util\9.4.1.v20170120\jetty-util-9.4.1.v20170120.jar;C:\Users\atul.vishnu.kurkure\.m2\repository\org\eclipse\jetty\jetty-io\9.4.1.v20170120\jetty-io-9.4.1.v20170120.jar;C:\Users\atul.vishnu.kurkure\.m2\repository\org\eclipse\jetty\websocket\websocket-common\9.4.3.v20170317\websocket-common-9.4.3.v20170317.jar;C:\Users\atul.vishnu.kurkure\.m2\repository\org\eclipse\jetty\websocket\websocket-api\9.4.3.v20170317\websocket-api-9.4.3.v20170317.jar;C:\Users\atul.vishnu.kurkure\.m2\repository\org\seleniumhq\selenium\selenium-firefox-driver\2.53.1\selenium-firefox-driver-2.53.1.jar;C:\Users\atul.vishnu.kurkure\.m2\repository\org\seleniumhq\selenium\selenium-ie-driver\2.53.1\selenium-ie-driver-2.53.1.jar;C:\Users\atul.vishnu.kurkure\.m2\repository\org\seleniumhq\selenium\selenium-safari-driver\2.53.1\selenium-safari-driver-2.53.1.jar;C:\Users\atul.vishnu.kurkure\.m2\repository\io\netty\netty\3.5.7.Final\netty-3.5.7.Final.jar;C:\Users\atul.vishnu.kurkure\.m2\repository\org\seleniumhq\selenium\selenium-support\2.53.1\selenium-support-2.53.1.jar;C:\Users\atul.vishnu.kurkure\.m2\repository\org\seleniumhq\selenium\selenium-leg-rc\2.53.1\selenium-leg-rc-2.53.1.jar;C:\Users\atul.vishnu.kurkure\.m2\repository\org\seleniumhq\selenium\selenium-server\3.4.0\selenium-server-3.4.0.jar;C:\Users\atul.vishnu.kurkure\.m2\repository\org\seleniumhq\selenium\selenium-opera-driver\3.4.0\selenium-opera-driver-3.4.0.jar;C:\Users\atul.vishnu.kurkure\.m2\repository\com\beust\jcommander\1.48\jcommander-1.48.jar;C:\Users\atul.vishnu.kurkure\.m2\repository\org\eclipse\jetty\jetty-client\9.4.3.v20170317\jetty-client-9.4.3.v20170317.jar;C:\Users\atul.vishnu.kurkure\.m2\repository\org\eclipse\jetty\jetty-http\9.4.3.v20170317\jetty-http-9.4.3.v20170317.jar;C:\Users\atul.vishnu.kurkure\.m2\repository\net\jcip\jcip-annotations\1.0\jcip-annotations-1.0.jar;C:\Users\atul.vishnu.kurkure\.m2\repository\org\seleniumhq\selenium\jetty-repacked\9.4.1.v20170120\jetty-repacked-9.4.1.v20170120.jar;C:\Users\atul.vishnu.kurkure\.m2\repository\com\codeborne\phantomjsdriver\1.4.0\phantomjsdriver-1.4.0.jar;C:\Users\atul.vishnu.kurkure\.m2\repository\org\yaml\snakeyaml\1.15\snakeyaml-1.15.jar;C:\Users\atul.vishnu.kurkure\Downloads\selenium-server-standalone-2.53.1.jar;C:\Users\atul.vishnu.kurkure\Desktop\Log4j\apache-log4j-1.2.17\log4j-1.2.17.jar;C:\eclipse\plugins\org.junit_4.12.0.v201504281640\junit.jar;C:\Software\eclipse_neon\eclipse\plugins\org.apache.ant_1.9.6.v201510161327\lib\ant-launcher.jar;C:\Software\eclipse_neon\eclipse\plugins\org.apache.ant_1.9.6.v201510161327\lib\ant.jar;C:\Software\eclipse_neon\eclipse\plugins\org.apache.ant_1.9.6.v201510161327\lib\ant-junit.jar;C:\Software\eclipse_neon\eclipse\plugins\org.apache.ant_1.9.6.v201510161327\lib\ant-junit4.jar" />
		<property name="java.vm.specification.name"
			value="Java Virtual Machine Specification" />
		<property name="ant.file.type.TestAutomation" value="file" />
		<property name="env.LOGONSERVER" value="\\PU3DC3201" />
		<property name="env.windir" value="C:\Windows" />
		<property name="env.PROCESSOR_ARCHITECTURE" value="AMD64" />
		<property name="java.vm.specification.version" value="1.8" />
		<property name="sun.os.patch.level" value="" />
		<property name="sun.cpu.endian" value="little" />
		<property name="debuglevel" value="source,lines,vars" />
		<property name="env.OneDrive"
			value="C:\Users\atul.vishnu.kurkure\OneDrive" />
		<property name="env.ProgramFiles" value="C:\Program Files" />
		<property name="env.ANT_HOME"
			value="C:\Software\eclipse_neon\eclipse\plugins\org.apache.ant_1.9.6.v201510161327" />
		<property name="env.PROCESSOR_REVISION" value="3001" />
		<property name="eclipse.pdebuild.home"
			value="/C:/Software/eclipse_neon/eclipse/plugins/org.eclipse.pde.build_3.9.200.v20160204-0642/./" />
		<property name="java.io.tmpdir"
			value="C:\Users\ATULVI~1.KUR\AppData\Local\Temp\" />
		<property name="env.UATDATA"
			value="C:\Windows\CCM\UATData\D9F8C395-CAB8-491d-B8AC-179A1FE1BE77" />
		<property name="env.CommonProgramFiles(x86)"
			value="C:\Program Files (x86)\Common Files" />
		<property name="java.vendor.url.bug"
			value="http://bugreport.sun.com/bugreport/" />
		<property name="M2_REPO"
			value="../../Users/atul.vishnu.kurkure/.m2/repository" />
		<property name="env.SystemRoot" value="C:\Windows" />
		<property name="env.FPS_BROWSER_APP_PROFILE_STRING"
			value="Internet Explorer" />
		<property name="os.arch" value="amd64" />
		<property name="java.awt.graphicsenv"
			value="sun.awt.Win32GraphicsEnvironment" />
		<property name="java.ext.dirs"
			value="C:\Program Files\Java\jre1.8.0_131\lib\ext;C:\Windows\Sun\Java\lib\ext" />
		<property name="user.dir"
			value="C:\development\TestAutomation" />
		<property name="env.MAVEN_HOME"
			value="C:\Software\apache-maven-3.5.0" />
		<property name="env.LOCALAPPDATA"
			value="C:\Users\atul.vishnu.kurkure\AppData\Local" />
		<property name="line.separator" value="&#xd;&#xa;" />
		<property name="java.vm.name"
			value="Java HotSpot(TM) 64-Bit Server VM" />
		<property name="env.PATHEXT"
			value=".COM;.EXE;.BAT;.CMD;.VBS;.VBE;.JS;.JSE;.WSF;.WSH;.MSC" />
		<property name="env.Path"
			value="C:/Program Files/Java/jre1.8.0_131/bin/server;C:/Program Files/Java/jre1.8.0_131/bin;C:/Program Files/Java/jre1.8.0_131/lib/amd64;C:\ProgramData\Oracle\Java\javapath;C:\Windows\system32;C:\Windows;C:\Windows\System32\Wbem;C:\Windows\System32\WindowsPowerShell\v1.0\;C:\Program Files (x86)\AMD\ATI.ACE\Core-Static;C:\Software\apache-maven-3.5.0\bin;C:\Program Files\Git\cmd;C:\Users\atul.vishnu.kurkure\AppData\Local\Microsoft\WindowsApps;;C:\Software\eclipse_neon\eclipse;" />
		<property name="basedir"
			value="C:\development\TestAutomation" />
		<property name="ant.java.version" value="1.8" />
		<property name="ant.core.lib"
			value="C:\Software\eclipse_neon\eclipse\plugins\org.apache.ant_1.9.6.v201510161327\lib\ant.jar" />
		<property name="env.USERNAME" value="atul.vishnu.kurkure" />
		<property name="source" value="1.5" />
		<property name="env.SystemDrive" value="C:" />
		<property name="file.encoding" value="Cp1252" />
		<property name="env.USERDOMAIN" value="DIR" />
		<property name="java.specification.version" value="1.8" />
		<property name="ant.project.invoked-targets"
			value="build,RunnerTest,junitreport,Feature,RunnerTest (1)" />
		<property name="env.PROCESSOR_LEVEL" value="21" />
	</properties>
	<error message="Runner.RunnerTest"
		type="java.lang.ClassNotFoundException">java.lang.ClassNotFoundException: Runner.RunnerTest
		at java.net.URLClassLoader.findClass(Unknown Source)
		at java.lang.ClassLoader.loadClass(Unknown Source)
		at sun.misc.Launcher$AppClassLoader.loadClass(Unknown Source)
		at java.lang.ClassLoader.loadClass(Unknown Source)
		at java.lang.Class.forName0(Native Method)
		at java.lang.Class.forName(Unknown Source)
	</error>
	<system-out><![CDATA[]]>
	</system-out>
	<system-err><![CDATA[]]>
	</system-err>
</testsuite>
